0 info it worked if it ends with ok
1 verbose cli [ '/usr/local/Cellar/node/0.10.15/bin/node',
1 verbose cli   '/usr/local/bin/npm',
1 verbose cli   'install' ]
2 info using npm@1.3.5
3 info using node@v0.10.15
4 warn package.json myexpress@0.0.0 No description
5 warn package.json myexpress@0.0.0 No repository field.
6 warn package.json myexpress@0.0.0 No README data
7 verbose readDependencies using package.json deps
8 verbose install where, deps [ '/Users/jeswang/Documents/Code/nodejs/my-express',
8 verbose install   [ 'mocha', 'chai', 'supertest' ] ]
9 info preinstall myexpress@0.0.0
10 verbose readDependencies using package.json deps
11 verbose already installed skipping chai@1.9.1 /Users/jeswang/Documents/Code/nodejs/my-express
12 verbose already installed skipping supertest@0.10.0 /Users/jeswang/Documents/Code/nodejs/my-express
13 verbose cache add [ 'mocha@^1.18.2', null ]
14 verbose cache add name=undefined spec="mocha@^1.18.2" args=["mocha@^1.18.2",null]
15 verbose parsed url { protocol: null,
15 verbose parsed url   slashes: null,
15 verbose parsed url   auth: null,
15 verbose parsed url   host: null,
15 verbose parsed url   port: null,
15 verbose parsed url   hostname: null,
15 verbose parsed url   hash: null,
15 verbose parsed url   search: null,
15 verbose parsed url   query: null,
15 verbose parsed url   pathname: 'mocha@^1.18.2',
15 verbose parsed url   path: 'mocha@^1.18.2',
15 verbose parsed url   href: 'mocha@^1.18.2' }
16 verbose cache add name="mocha" spec="^1.18.2" args=["mocha","^1.18.2"]
17 verbose parsed url { protocol: null,
17 verbose parsed url   slashes: null,
17 verbose parsed url   auth: null,
17 verbose parsed url   host: null,
17 verbose parsed url   port: null,
17 verbose parsed url   hostname: null,
17 verbose parsed url   hash: null,
17 verbose parsed url   search: null,
17 verbose parsed url   query: null,
17 verbose parsed url   pathname: '^1.18.2',
17 verbose parsed url   path: '^1.18.2',
17 verbose parsed url   href: '^1.18.2' }
18 verbose addNamed [ 'mocha', '^1.18.2' ]
19 verbose addNamed [ null, null ]
20 silly lockFile 9d6e7546-mocha-1-18-2 mocha@^1.18.2
21 verbose lock mocha@^1.18.2 /Users/jeswang/.npm/9d6e7546-mocha-1-18-2.lock
22 info addNameTag [ 'mocha', '^1.18.2' ]
23 verbose url raw mocha
24 verbose url resolving [ 'https://registry.npmjs.org/', './mocha' ]
25 verbose url resolved https://registry.npmjs.org/mocha
26 info trying registry request attempt 1 at 10:26:09
27 verbose etag "1QZQK91CL2KVZIM96AVTWBWD0"
28 http GET https://registry.npmjs.org/mocha
29 http 304 https://registry.npmjs.org/mocha
30 silly registry.get cb [ 304,
30 silly registry.get   { date: 'Wed, 07 May 2014 02:26:08 GMT',
30 silly registry.get     server: 'Apache',
30 silly registry.get     via: '1.1 varnish',
30 silly registry.get     'last-modified': 'Wed, 07 May 2014 02:26:08 GMT',
30 silly registry.get     'cache-control': 'max-age=1',
30 silly registry.get     etag: '"1QZQK91CL2KVZIM96AVTWBWD0"',
30 silly registry.get     'x-served-by': 'cache-hk92-HKG',
30 silly registry.get     'x-cache': 'HIT',
30 silly registry.get     'x-cache-hits': '1',
30 silly registry.get     'x-timer': 'S1399429568.637481451,VS0,VE343',
30 silly registry.get     vary: 'Accept',
30 silly registry.get     'content-length': '0',
30 silly registry.get     'keep-alive': 'timeout=10, max=50',
30 silly registry.get     connection: 'Keep-Alive' } ]
31 verbose etag mocha from cache
32 silly lockFile 9d6e7546-mocha-1-18-2 mocha@^1.18.2
33 silly lockFile 9d6e7546-mocha-1-18-2 mocha@^1.18.2
34 error Error: No compatible version found: mocha@'^1.18.2'
34 error Valid install targets:
34 error ["0.0.1-alpha1","0.0.1-alpha2","0.0.1-alpha3","0.0.1-alpha4","0.0.1-alpha5","0.0.1-alpha6","0.0.1","0.0.2","0.0.3","0.0.4","0.0.5","0.0.6","0.0.7","0.0.8","0.1.0","0.2.0","0.3.0","0.3.1","0.3.2","0.3.3","0.3.4","0.3.6","0.4.0","0.5.0","0.6.0","0.7.0","0.7.1","0.8.0","0.8.1","0.9.0","0.10.0","0.10.1","0.10.2","0.11.0","0.12.0","0.12.1","0.13.0","0.14.0","0.14.1","1.0.0","1.0.1","1.0.2","1.0.3","1.1.0","1.2.0","1.2.1","1.2.2","1.3.0","1.3.1","1.3.2","1.4.0","1.4.1","1.4.2","1.4.3","1.5.0","1.6.0","1.7.0","1.7.1","1.7.2","1.7.3","1.7.4","1.8.0","1.8.1","1.8.2","1.9.0","1.10.0","1.11.0","1.12.0","1.12.1","1.13.0","1.14.0","1.15.0","1.15.1","1.16.0","1.16.1","1.16.2","1.17.0","1.17.1","1.18.0","1.18.1","1.18.2"]
34 error     at installTargetsError (/usr/local/Cellar/node/0.10.15/lib/node_modules/npm/lib/cache.js:719:10)
34 error     at /usr/local/Cellar/node/0.10.15/lib/node_modules/npm/lib/cache.js:638:10
34 error     at saved (/usr/local/Cellar/node/0.10.15/lib/node_modules/npm/node_modules/npm-registry-client/lib/get.js:142:7)
34 error     at /usr/local/Cellar/node/0.10.15/lib/node_modules/npm/node_modules/graceful-fs/polyfills.js:133:7
34 error     at Object.oncomplete (fs.js:107:15)
35 error If you need help, you may report this log at:
35 error     <http://github.com/isaacs/npm/issues>
35 error or email it to:
35 error     <npm-@googlegroups.com>
36 error System Darwin 13.1.0
37 error command "/usr/local/Cellar/node/0.10.15/bin/node" "/usr/local/bin/npm" "install"
38 error cwd /Users/jeswang/Documents/Code/nodejs/my-express
39 error node -v v0.10.15
40 error npm -v 1.3.5
41 verbose exit [ 1, true ]
